<?xml version="1.0" encoding="UTF-8"?>
<!-- Generated by org.testng.reporters.JUnitReportReporter -->
<testsuite hostname="IN-75272J3" failures="0" tests="1" name="com.redbus.testcases.SearchRedBusTest" time="10.390" errors="0" timestamp="2024-04-21T19:59:58 IST" skipped="0">
  <testcase classname="com.redbus.testcases.SearchRedBusTest" name="searchBus" time="10.390"/>
  <system-out/>
</testsuite> <!-- com.redbus.testcases.SearchRedBusTest -->
