<?xml version="1.0" encoding="UTF-8"?>
<!-- Generated by org.testng.reporters.JUnitReportReporter -->
<testsuite hostname="IN-75272J3" failures="0" tests="1" name="com.redbus.testcases.AmazSearchTest" time="17.081" errors="0" timestamp="2024-07-31T01:35:14 IST" skipped="0">
  <testcase classname="com.redbus.testcases.AmazSearchTest" name="searchProduct" time="17.081"/>
  <system-out/>
</testsuite> <!-- com.redbus.testcases.AmazSearchTest -->
