<?xml version="1.0" encoding="UTF-8"?>
<!-- Generated by org.testng.reporters.JUnitReportReporter -->
<testsuite hostname="IN-75272J3" failures="0" tests="1" name="com.redbus.testcases.LoginTest" time="14.244" errors="0" timestamp="2024-07-23T13:21:26 IST" skipped="0">
  <testcase classname="com.redbus.testcases.LoginTest" name="verifyLoginWithInValidEmailId" time="14.244"/>
  <system-out/>
</testsuite> <!-- com.redbus.testcases.LoginTest -->
