<?xml version="1.0" encoding="UTF-8"?>
<!-- Generated by org.testng.reporters.JUnitReportReporter -->
<testsuite hostname="IN-75272J3" failures="0" tests="1" name="com.redbus.testcases.AmazLandingPageTest" time="8.647" errors="0" timestamp="2024-07-31T00:51:01 IST" skipped="0">
  <testcase classname="com.redbus.testcases.AmazLandingPageTest" name="verifyHomePageTitle" time="8.647"/>
  <system-out/>
</testsuite> <!-- com.redbus.testcases.AmazLandingPageTest -->
