<?xml version="1.0" encoding="UTF-8"?>
<!-- Generated by org.testng.reporters.JUnitReportReporter -->
<testsuite hostname="IN-75272J3" failures="0" tests="3" name="com.redbus.testcases.SearchTrainTest" time="65.337" errors="0" timestamp="2024-04-21T19:59:58 IST" skipped="0">
  <testcase classname="com.redbus.testcases.SearchTrainTest" name="landOnRedRail" time="13.175"/>
  <system-out/>
  <testcase classname="com.redbus.testcases.SearchTrainTest" name="searchTrainWithoutDate" time="29.166"/>
  <system-out/>
  <testcase classname="com.redbus.testcases.SearchTrainTest" name="searchLiveTrainstatus" time="22.996"/>
  <system-out/>
</testsuite> <!-- com.redbus.testcases.SearchTrainTest -->
