<?xml version="1.0" encoding="UTF-8"?>
<!-- Generated by org.testng.reporters.JUnitReportReporter -->
<testsuite hostname="IN-75272J3" failures="0" tests="1" name="com.redbus.testcases.AmazLandingPageTest" time="9.832" errors="0" timestamp="2024-07-31T02:59:55 IST" skipped="0">
  <testcase classname="com.redbus.testcases.AmazLandingPageTest" name="verifyHomePageTitle" time="9.832"/>
  <system-out/>
</testsuite> <!-- com.redbus.testcases.AmazLandingPageTest -->
