<?xml version="1.0" encoding="UTF-8"?>
<!-- Generated by org.testng.reporters.JUnitReportReporter -->
<testsuite hostname="IN-75272J3" failures="0" tests="3" name="com.redbus.testcases.HelpTest" time="40.922" errors="0" timestamp="2024-05-21T16:23:17 IST" skipped="0">
  <testcase classname="com.redbus.testcases.HelpTest" name="landOnHelpWidow" time="11.932"/>
  <system-out/>
  <testcase classname="com.redbus.testcases.HelpTest" name="selectHelpTopicBus" time="11.341"/>
  <system-out/>
  <testcase classname="com.redbus.testcases.HelpTest" name="selectHelpTopicTrain" time="17.649"/>
  <system-out/>
</testsuite> <!-- com.redbus.testcases.HelpTest -->
