<?xml version="1.0" encoding="UTF-8"?>
<!-- Generated by org.testng.reporters.JUnitReportReporter -->
<testsuite hostname="IN-75272J3" failures="0" tests="3" name="com.redbus.testcases.CalculatorTest" time="0.001" errors="0" timestamp="2024-10-13T14:08:13 IST" skipped="0">
  <testcase classname="com.redbus.testcases.CalculatorTest" name="testSub" time="0.000"/>
  <system-out/>
  <testcase classname="com.redbus.testcases.CalculatorTest" name="testAdd" time="0.001"/>
  <system-out/>
  <testcase classname="com.redbus.testcases.CalculatorTest" name="testFailedAdd" time="0.000"/>
  <system-out/>
</testsuite> <!-- com.redbus.testcases.CalculatorTest -->
