<?xml version="1.0" encoding="UTF-8"?>
<!-- Generated by org.testng.reporters.JUnitReportReporter -->
<testsuite hostname="IN-75272J3" failures="0" tests="1" name="com.redbus.testcases.SearchRedBusTest" time="9.822" errors="0" timestamp="2024-05-21T16:23:17 IST" skipped="0">
  <testcase classname="com.redbus.testcases.SearchRedBusTest" name="searchBus" time="9.822"/>
  <system-out/>
</testsuite> <!-- com.redbus.testcases.SearchRedBusTest -->
