<?xml version="1.0" encoding="UTF-8"?>
<!-- Generated by org.testng.reporters.JUnitReportReporter -->
<testsuite hostname="IN-75272J3" failures="0" tests="3" name="com.redbus.testcases.LoginTest" time="56.547" errors="0" timestamp="2024-05-21T16:23:17 IST" skipped="0">
  <testcase classname="com.redbus.testcases.LoginTest" name="verifyLoginWithInValidEmailId" time="19.797"/>
  <system-out/>
  <testcase classname="com.redbus.testcases.LoginTest" name="verifyLoginWithInValidPwd" time="18.396"/>
  <system-out/>
  <testcase classname="com.redbus.testcases.LoginTest" name="verifyLoginWithValidCredentials" time="18.354"/>
  <system-out/>
</testsuite> <!-- com.redbus.testcases.LoginTest -->
