<?xml version="1.0" encoding="UTF-8"?>
<!-- Generated by org.testng.reporters.JUnitReportReporter -->
<testsuite hostname="IN-75272J3" failures="0" tests="4" name="com.redbus.testcases.SearchTrainTest" time="101.751" errors="0" timestamp="2024-05-21T16:23:17 IST" skipped="1">
  <testcase classname="com.redbus.testcases.SearchTrainTest" name="landOnRedRail" time="11.135"/>
  <system-out/>
  <testcase classname="com.redbus.testcases.SearchTrainTest" name="searchTrainWithoutDate" time="39.421">
    <skipped/>
  </testcase> <!-- searchTrainWithoutDate -->
  <system-out/>
  <testcase classname="com.redbus.testcases.SearchTrainTest" name="searchTrainWithoutDate" time="28.042"/>
  <system-out/>
  <testcase classname="com.redbus.testcases.SearchTrainTest" name="searchLiveTrainstatus" time="23.153"/>
  <system-out/>
</testsuite> <!-- com.redbus.testcases.SearchTrainTest -->
